This file contains any messages produced by compilers while
running configure, to aid debugging if configure makes a mistake.

It was created by fuse-utils configure 1.4.3, which was
generated by GNU Autoconf 2.69.  Invocation command line was

  $ ./configure 

## --------- ##
## Platform. ##
## --------- ##

hostname = efelix-ml
uname -m = x86_64
uname -r = 19.0.0
uname -s = Darwin
uname -v = Darwin Kernel Version 19.0.0: Thu Oct 17 16:17:15 PDT 2019; root:xnu-6153.41.3~29/RELEASE_X86_64

/usr/bin/uname -p = i386
/bin/uname -X     = unknown

/bin/arch              = unknown
/usr/bin/arch -k       = unknown
/usr/convex/getsysinfo = unknown
/usr/bin/hostinfo      = Mach kernel version:
	 Darwin Kernel Version 19.0.0: Thu Oct 17 16:17:15 PDT 2019; root:xnu-6153.41.3~29/RELEASE_X86_64
Kernel configured for up to 8 processors.
4 processors are physically available.
8 processors are logically available.
Processor type: x86_64h (Intel x86-64h Haswell)
Processors active: 0 1 2 3 4 5 6 7
Primary memory available: 16.00 gigabytes
Default processor set: 594 tasks, 4322 threads, 8 processors
Load average: 2.68, Mach factor: 5.47
/bin/machine           = unknown
/usr/bin/oslevel       = unknown
/bin/universe          = unknown

PATH: /Users/efelix/miniconda3/bin
PATH: /Users/efelix/miniconda3/condabin
PATH: /usr/local/bin
PATH: /usr/bin
PATH: /bin
PATH: /usr/sbin
PATH: /sbin
PATH: /usr/local/go/bin
PATH: /usr/local/munki
PATH: /opt/X11/bin
PATH: /Applications/Wireshark.app/Contents/MacOS
PATH: /usr/local/sbin


## ----------- ##
## Core tests. ##
## ----------- ##

configure:2466: checking build system type
configure:2480: result: x86_64-apple-darwin19.0.0
configure:2500: checking host system type
configure:2513: result: x86_64-apple-darwin19.0.0
configure:2550: checking for a BSD-compatible install
configure:2618: result: /usr/bin/install -c
configure:2629: checking whether build environment is sane
configure:2684: result: yes
configure:2835: checking for a thread-safe mkdir -p
configure:2874: result: ./install-sh -c -d
configure:2881: checking for gawk
configure:2911: result: no
configure:2881: checking for mawk
configure:2911: result: no
configure:2881: checking for nawk
configure:2911: result: no
configure:2881: checking for awk
configure:2897: found /usr/bin/awk
configure:2908: result: awk
configure:2919: checking whether make sets $(MAKE)
configure:2941: result: yes
configure:2970: checking whether make supports nested variables
configure:2987: result: yes
configure:3082: checking whether make supports nested variables
configure:3099: result: yes
configure:3163: checking for gcc
configure:3179: found /usr/bin/gcc
configure:3190: result: gcc
configure:3419: checking for C compiler version
configure:3428: gcc --version >&5
Apple clang version 11.0.0 (clang-1100.0.33.12)
Target: x86_64-apple-darwin19.0.0
Thread model: posix
InstalledDir: /Applications/Xcode.app/Contents/Developer/Toolchains/XcodeDefault.xctoolchain/usr/bin
Configured with: --prefix=/Applications/Xcode.app/Contents/Developer/usr --with-gxx-include-dir=/Applications/Xcode.app/Contents/Developer/Platforms/MacOSX.platform/Developer/SDKs/MacOSX.sdk/usr/include/c++/4.2.1
configure:3439: $? = 0
configure:3428: gcc -v >&5
Configured with: --prefix=/Applications/Xcode.app/Contents/Developer/usr --with-gxx-include-dir=/Applications/Xcode.app/Contents/Developer/Platforms/MacOSX.platform/Developer/SDKs/MacOSX.sdk/usr/include/c++/4.2.1
Apple clang version 11.0.0 (clang-1100.0.33.12)
Target: x86_64-apple-darwin19.0.0
Thread model: posix
InstalledDir: /Applications/Xcode.app/Contents/Developer/Toolchains/XcodeDefault.xctoolchain/usr/bin
configure:3439: $? = 0
configure:3428: gcc -V >&5
clang: error: unsupported option '-V -Wno-framework-include-private-from-public'
clang: error: no input files
configure:3439: $? = 1
configure:3428: gcc -qversion >&5
clang: error: unknown argument '-qversion', did you mean '--version'?
clang: error: no input files
configure:3439: $? = 1
configure:3459: checking whether the C compiler works
configure:3481: gcc    conftest.c  >&5
configure:3485: $? = 0
configure:3533: result: yes
configure:3536: checking for C compiler default output file name
configure:3538: result: a.out
configure:3544: checking for suffix of executables
configure:3551: gcc -o conftest    conftest.c  >&5
configure:3555: $? = 0
configure:3577: result: 
configure:3599: checking whether we are cross compiling
configure:3607: gcc -o conftest    conftest.c  >&5
configure:3611: $? = 0
configure:3618: ./conftest
configure:3622: $? = 0
configure:3637: result: no
configure:3642: checking for suffix of object files
configure:3664: gcc -c   conftest.c >&5
configure:3668: $? = 0
configure:3689: result: o
configure:3693: checking whether we are using the GNU C compiler
configure:3712: gcc -c   conftest.c >&5
configure:3712: $? = 0
configure:3721: result: yes
configure:3730: checking whether gcc accepts -g
configure:3750: gcc -c -g  conftest.c >&5
configure:3750: $? = 0
configure:3791: result: yes
configure:3808: checking for gcc option to accept ISO C89
configure:3871: gcc  -c -g -O2  conftest.c >&5
configure:3871: $? = 0
configure:3884: result: none needed
configure:3915: checking for style of include used by make
configure:3943: result: GNU
configure:3969: checking dependency style of gcc
configure:4080: result: gcc3
configure:4153: checking for g++
configure:4169: found /usr/bin/g++
configure:4180: result: g++
configure:4207: checking for C++ compiler version
configure:4216: g++ --version >&5
Apple clang version 11.0.0 (clang-1100.0.33.12)
Target: x86_64-apple-darwin19.0.0
Thread model: posix
InstalledDir: /Applications/Xcode.app/Contents/Developer/Toolchains/XcodeDefault.xctoolchain/usr/bin
Configured with: --prefix=/Applications/Xcode.app/Contents/Developer/usr --with-gxx-include-dir=/Applications/Xcode.app/Contents/Developer/Platforms/MacOSX.platform/Developer/SDKs/MacOSX.sdk/usr/include/c++/4.2.1
configure:4227: $? = 0
configure:4216: g++ -v >&5
Configured with: --prefix=/Applications/Xcode.app/Contents/Developer/usr --with-gxx-include-dir=/Applications/Xcode.app/Contents/Developer/Platforms/MacOSX.platform/Developer/SDKs/MacOSX.sdk/usr/include/c++/4.2.1
Apple clang version 11.0.0 (clang-1100.0.33.12)
Target: x86_64-apple-darwin19.0.0
Thread model: posix
InstalledDir: /Applications/Xcode.app/Contents/Developer/Toolchains/XcodeDefault.xctoolchain/usr/bin
configure:4227: $? = 0
configure:4216: g++ -V >&5
clang: error: unsupported option '-V -Wno-framework-include-private-from-public'
clang: error: no input files
configure:4227: $? = 1
configure:4216: g++ -qversion >&5
clang: error: unknown argument '-qversion', did you mean '--version'?
clang: error: no input files
configure:4227: $? = 1
configure:4231: checking whether we are using the GNU C++ compiler
configure:4250: g++ -c   conftest.cpp >&5
configure:4250: $? = 0
configure:4259: result: yes
configure:4268: checking whether g++ accepts -g
configure:4288: g++ -c -g  conftest.cpp >&5
configure:4288: $? = 0
configure:4329: result: yes
configure:4354: checking dependency style of g++
configure:4465: result: gcc3
configure:4526: checking how to print strings
configure:4553: result: printf
configure:4574: checking for a sed that does not truncate output
configure:4638: result: /usr/bin/sed
configure:4656: checking for grep that handles long lines and -e
configure:4714: result: /usr/bin/grep
configure:4719: checking for egrep
configure:4781: result: /usr/bin/grep -E
configure:4786: checking for fgrep
configure:4848: result: /usr/bin/grep -F
configure:4883: checking for ld used by gcc
configure:4950: result: /Applications/Xcode.app/Contents/Developer/Toolchains/XcodeDefault.xctoolchain/usr/bin/ld
configure:4957: checking if the linker (/Applications/Xcode.app/Contents/Developer/Toolchains/XcodeDefault.xctoolchain/usr/bin/ld) is GNU ld
configure:4972: result: no
configure:4984: checking for BSD- or MS-compatible name lister (nm)
configure:5033: result: /usr/bin/nm -B
configure:5163: checking the name lister (/usr/bin/nm -B) interface
configure:5170: gcc -c -g -O2  conftest.c >&5
configure:5173: /usr/bin/nm -B "conftest.o"
configure:5176: output
000000000000021c S _some_variable
configure:5183: result: BSD nm
configure:5186: checking whether ln -s works
configure:5190: result: yes
configure:5198: checking the maximum length of command line arguments
configure:5328: result: 196608
configure:5345: checking whether the shell understands some XSI constructs
configure:5355: result: yes
configure:5359: checking whether the shell understands "+="
configure:5365: result: yes
configure:5400: checking how to convert x86_64-apple-darwin19.0.0 file names to x86_64-apple-darwin19.0.0 format
configure:5440: result: func_convert_file_noop
configure:5447: checking how to convert x86_64-apple-darwin19.0.0 file names to toolchain format
configure:5467: result: func_convert_file_noop
configure:5474: checking for /Applications/Xcode.app/Contents/Developer/Toolchains/XcodeDefault.xctoolchain/usr/bin/ld option to reload object files
configure:5481: result: -r
configure:5555: checking for objdump
configure:5571: found /usr/bin/objdump
configure:5582: result: objdump
configure:5614: checking how to recognize dependent libraries
configure:5816: result: pass_all
configure:5901: checking for dlltool
configure:5931: result: no
configure:5961: checking how to associate runtime and link libraries
configure:5988: result: printf %s\n
configure:6049: checking for ar
configure:6065: found /usr/bin/ar
configure:6076: result: ar
configure:6113: checking for archiver @FILE support
configure:6130: gcc -c -g -O2  conftest.c >&5
configure:6130: $? = 0
configure:6133: ar cru libconftest.a @conftest.lst >&5
ar: @conftest.lst: No such file or directory
configure:6136: $? = 1
configure:6156: result: no
configure:6214: checking for strip
configure:6230: found /usr/bin/strip
configure:6241: result: strip
configure:6313: checking for ranlib
configure:6329: found /usr/bin/ranlib
configure:6340: result: ranlib
configure:6442: checking command to parse /usr/bin/nm -B output from gcc object
configure:6562: gcc -c -g -O2  conftest.c >&5
configure:6565: $? = 0
configure:6569: /usr/bin/nm -B conftest.o \| sed -n -e 's/^.*[ ]\([BCDEGRST][BCDEGRST]*\)[ ][ ]*\([_A-Za-z][_A-Za-z0-9]*\)$/\1 \2 \2/p' | sed '/ __gnu_lto/d' \> conftest.nm
configure:6572: $? = 0
cannot find nm_test_var in conftest.nm
configure:6562: gcc -c -g -O2  conftest.c >&5
configure:6565: $? = 0
configure:6569: /usr/bin/nm -B conftest.o \| sed -n -e 's/^.*[ ]\([BCDEGRST][BCDEGRST]*\)[ ][ ]*_\([_A-Za-z][_A-Za-z0-9]*\)$/\1 _\2 \2/p' | sed '/ __gnu_lto/d' \> conftest.nm
configure:6572: $? = 0
configure:6638: gcc -o conftest -g -O2   conftest.c conftstm.o >&5
warning: (x86_64)  could not find object file symbol for symbol _main
configure:6641: $? = 0
configure:6679: result: ok
configure:6716: checking for sysroot
configure:6746: result: no
configure:7002: checking for mt
configure:7032: result: no
configure:7052: checking if : is a manifest tool
configure:7058: : '-?'
configure:7066: result: no
configure:7122: checking for dsymutil
configure:7138: found /usr/bin/dsymutil
configure:7149: result: dsymutil
configure:7214: checking for nmedit
configure:7230: found /usr/bin/nmedit
configure:7241: result: nmedit
configure:7306: checking for lipo
configure:7322: found /usr/bin/lipo
configure:7333: result: lipo
configure:7398: checking for otool
configure:7414: found /usr/bin/otool
configure:7425: result: otool
configure:7490: checking for otool64
configure:7520: result: no
configure:7565: checking for -single_module linker flag
gcc -g -O2  -o libconftest.dylib -dynamiclib -Wl,-single_module conftest.c
configure:7598: result: yes
configure:7601: checking for -exported_symbols_list linker flag
configure:7621: gcc -o conftest -g -O2   -Wl,-exported_symbols_list,conftest.sym conftest.c  >&5
configure:7621: $? = 0
configure:7631: result: yes
configure:7634: checking for -force_load linker flag
gcc -g -O2 -c -o conftest.o conftest.c
ar cru libconftest.a conftest.o
ranlib libconftest.a
gcc -g -O2  -o conftest conftest.c -Wl,-force_load,./libconftest.a
configure:7666: result: yes
configure:7708: checking how to run the C preprocessor
configure:7739: gcc -E  conftest.c
configure:7739: $? = 0
configure:7753: gcc -E  conftest.c
conftest.c:12:10: fatal error: 'ac_nonexistent.h' file not found
#include <ac_nonexistent.h>
         ^~~~~~~~~~~~~~~~~~
1 error generated.
configure:7753: $? = 1
configure: failed program was:
| /* confdefs.h */
| #define PACKAGE_NAME "fuse-utils"
| #define PACKAGE_TARNAME "fuse-utils"
| #define PACKAGE_VERSION "1.4.3"
| #define PACKAGE_STRING "fuse-utils 1.4.3"
| #define PACKAGE_BUGREPORT "http://sourceforge.net/p/fuse-emulator/bugs/"
| #define PACKAGE_URL "http://fuse-emulator.sourceforge.net/"
| #define PACKAGE "fuse-utils"
| #define VERSION "1.4.3"
| #define FUSE_UTILS_RC_VERSION 1,4,3,0
| /* end confdefs.h.  */
| #include <ac_nonexistent.h>
configure:7778: result: gcc -E
configure:7798: gcc -E  conftest.c
configure:7798: $? = 0
configure:7812: gcc -E  conftest.c
conftest.c:12:10: fatal error: 'ac_nonexistent.h' file not found
#include <ac_nonexistent.h>
         ^~~~~~~~~~~~~~~~~~
1 error generated.
configure:7812: $? = 1
configure: failed program was:
| /* confdefs.h */
| #define PACKAGE_NAME "fuse-utils"
| #define PACKAGE_TARNAME "fuse-utils"
| #define PACKAGE_VERSION "1.4.3"
| #define PACKAGE_STRING "fuse-utils 1.4.3"
| #define PACKAGE_BUGREPORT "http://sourceforge.net/p/fuse-emulator/bugs/"
| #define PACKAGE_URL "http://fuse-emulator.sourceforge.net/"
| #define PACKAGE "fuse-utils"
| #define VERSION "1.4.3"
| #define FUSE_UTILS_RC_VERSION 1,4,3,0
| /* end confdefs.h.  */
| #include <ac_nonexistent.h>
configure:7841: checking for ANSI C header files
configure:7861: gcc -c -g -O2  conftest.c >&5
configure:7861: $? = 0
configure:7934: gcc -o conftest -g -O2   conftest.c  >&5
configure:7934: $? = 0
configure:7934: ./conftest
configure:7934: $? = 0
configure:7945: result: yes
configure:7958: checking for sys/types.h
configure:7958: gcc -c -g -O2  conftest.c >&5
configure:7958: $? = 0
configure:7958: result: yes
configure:7958: checking for sys/stat.h
configure:7958: gcc -c -g -O2  conftest.c >&5
configure:7958: $? = 0
configure:7958: result: yes
configure:7958: checking for stdlib.h
configure:7958: gcc -c -g -O2  conftest.c >&5
configure:7958: $? = 0
configure:7958: result: yes
configure:7958: checking for string.h
configure:7958: gcc -c -g -O2  conftest.c >&5
configure:7958: $? = 0
configure:7958: result: yes
configure:7958: checking for memory.h
configure:7958: gcc -c -g -O2  conftest.c >&5
configure:7958: $? = 0
configure:7958: result: yes
configure:7958: checking for strings.h
configure:7958: gcc -c -g -O2  conftest.c >&5
configure:7958: $? = 0
configure:7958: result: yes
configure:7958: checking for inttypes.h
configure:7958: gcc -c -g -O2  conftest.c >&5
configure:7958: $? = 0
configure:7958: result: yes
configure:7958: checking for stdint.h
configure:7958: gcc -c -g -O2  conftest.c >&5
configure:7958: $? = 0
configure:7958: result: yes
configure:7958: checking for unistd.h
configure:7958: gcc -c -g -O2  conftest.c >&5
configure:7958: $? = 0
configure:7958: result: yes
configure:7972: checking for dlfcn.h
configure:7972: gcc -c -g -O2  conftest.c >&5
configure:7972: $? = 0
configure:7972: result: yes
configure:8189: checking for objdir
configure:8204: result: .libs
configure:8475: checking if gcc supports -fno-rtti -fno-exceptions
configure:8493: gcc -c -g -O2  -fno-rtti -fno-exceptions conftest.c >&5
configure:8497: $? = 0
configure:8510: result: yes
configure:8837: checking for gcc option to produce PIC
configure:8844: result: -fno-common -DPIC
configure:8852: checking if gcc PIC flag -fno-common -DPIC works
configure:8870: gcc -c -g -O2  -fno-common -DPIC -DPIC conftest.c >&5
configure:8874: $? = 0
configure:8887: result: yes
configure:8916: checking if gcc static flag -static works
configure:8944: result: no
configure:8959: checking if gcc supports -c -o file.o
configure:8980: gcc -c -g -O2  -o out/conftest2.o conftest.c >&5
configure:8984: $? = 0
configure:9006: result: yes
configure:9014: checking if gcc supports -c -o file.o
configure:9061: result: yes
configure:9094: checking whether the gcc linker (/Applications/Xcode.app/Contents/Developer/Toolchains/XcodeDefault.xctoolchain/usr/bin/ld) supports shared libraries
configure:10247: result: yes
configure:10487: checking dynamic linker characteristics
configure:11224: result: darwin19.0.0 dyld
configure:11331: checking how to hardcode library paths into programs
configure:11356: result: immediate
configure:11896: checking whether stripping libraries is possible
configure:11910: result: yes
configure:11936: checking if libtool supports shared libraries
configure:11938: result: yes
configure:11941: checking whether to build shared libraries
configure:11962: result: yes
configure:11965: checking whether to build static libraries
configure:11969: result: yes
configure:11992: checking how to run the C++ preprocessor
configure:12019: g++ -E  conftest.cpp
configure:12019: $? = 0
configure:12033: g++ -E  conftest.cpp
conftest.cpp:24:10: fatal error: 'ac_nonexistent.h' file not found
#include <ac_nonexistent.h>
         ^~~~~~~~~~~~~~~~~~
1 error generated.
configure:12033: $? = 1
configure: failed program was:
| /* confdefs.h */
| #define PACKAGE_NAME "fuse-utils"
| #define PACKAGE_TARNAME "fuse-utils"
| #define PACKAGE_VERSION "1.4.3"
| #define PACKAGE_STRING "fuse-utils 1.4.3"
| #define PACKAGE_BUGREPORT "http://sourceforge.net/p/fuse-emulator/bugs/"
| #define PACKAGE_URL "http://fuse-emulator.sourceforge.net/"
| #define PACKAGE "fuse-utils"
| #define VERSION "1.4.3"
| #define FUSE_UTILS_RC_VERSION 1,4,3,0
| #define STDC_HEADERS 1
| #define HAVE_SYS_TYPES_H 1
| #define HAVE_SYS_STAT_H 1
| #define HAVE_STDLIB_H 1
| #define HAVE_STRING_H 1
| #define HAVE_MEMORY_H 1
| #define HAVE_STRINGS_H 1
| #define HAVE_INTTYPES_H 1
| #define HAVE_STDINT_H 1
| #define HAVE_UNISTD_H 1
| #define HAVE_DLFCN_H 1
| #define LT_OBJDIR ".libs/"
| /* end confdefs.h.  */
| #include <ac_nonexistent.h>
configure:12058: result: g++ -E
configure:12078: g++ -E  conftest.cpp
configure:12078: $? = 0
configure:12092: g++ -E  conftest.cpp
conftest.cpp:24:10: fatal error: 'ac_nonexistent.h' file not found
#include <ac_nonexistent.h>
         ^~~~~~~~~~~~~~~~~~
1 error generated.
configure:12092: $? = 1
configure: failed program was:
| /* confdefs.h */
| #define PACKAGE_NAME "fuse-utils"
| #define PACKAGE_TARNAME "fuse-utils"
| #define PACKAGE_VERSION "1.4.3"
| #define PACKAGE_STRING "fuse-utils 1.4.3"
| #define PACKAGE_BUGREPORT "http://sourceforge.net/p/fuse-emulator/bugs/"
| #define PACKAGE_URL "http://fuse-emulator.sourceforge.net/"
| #define PACKAGE "fuse-utils"
| #define VERSION "1.4.3"
| #define FUSE_UTILS_RC_VERSION 1,4,3,0
| #define STDC_HEADERS 1
| #define HAVE_SYS_TYPES_H 1
| #define HAVE_SYS_STAT_H 1
| #define HAVE_STDLIB_H 1
| #define HAVE_STRING_H 1
| #define HAVE_MEMORY_H 1
| #define HAVE_STRINGS_H 1
| #define HAVE_INTTYPES_H 1
| #define HAVE_STDINT_H 1
| #define HAVE_UNISTD_H 1
| #define HAVE_DLFCN_H 1
| #define LT_OBJDIR ".libs/"
| /* end confdefs.h.  */
| #include <ac_nonexistent.h>
configure:12261: checking for ld used by g++
configure:12328: result: /Applications/Xcode.app/Contents/Developer/Toolchains/XcodeDefault.xctoolchain/usr/bin/ld
configure:12335: checking if the linker (/Applications/Xcode.app/Contents/Developer/Toolchains/XcodeDefault.xctoolchain/usr/bin/ld) is GNU ld
configure:12350: result: no
configure:12405: checking whether the g++ linker (/Applications/Xcode.app/Contents/Developer/Toolchains/XcodeDefault.xctoolchain/usr/bin/ld) supports shared libraries
configure:13410: result: yes
configure:13446: g++ -c -g -O2  conftest.cpp >&5
configure:13449: $? = 0
configure:13969: checking for g++ option to produce PIC
configure:13976: result: -fno-common -DPIC
configure:13984: checking if g++ PIC flag -fno-common -DPIC works
configure:14002: g++ -c -g -O2  -fno-common -DPIC -DPIC conftest.cpp >&5
configure:14006: $? = 0
configure:14019: result: yes
configure:14042: checking if g++ static flag -static works
configure:14070: result: no
configure:14082: checking if g++ supports -c -o file.o
configure:14103: g++ -c -g -O2  -o out/conftest2.o conftest.cpp >&5
configure:14107: $? = 0
configure:14129: result: yes
configure:14134: checking if g++ supports -c -o file.o
configure:14181: result: yes
configure:14211: checking whether the g++ linker (/Applications/Xcode.app/Contents/Developer/Toolchains/XcodeDefault.xctoolchain/usr/bin/ld) supports shared libraries
configure:14247: result: yes
configure:14388: checking dynamic linker characteristics
configure:15059: result: darwin19.0.0 dyld
configure:15112: checking how to hardcode library paths into programs
configure:15137: result: immediate
configure:15433: checking for fdopen
configure:15433: gcc -o conftest -g -O2   conftest.c  >&5
configure:15433: $? = 0
configure:15433: result: yes
configure:15433: checking for signal
configure:15433: gcc -o conftest -g -O2   conftest.c  >&5
configure:15433: $? = 0
configure:15433: result: yes
configure:15443: checking whether byte ordering is bigendian
configure:15458: gcc -c -g -O2  conftest.c >&5
configure:15458: $? = 0
configure:15503: gcc -c -g -O2  conftest.c >&5
configure:15503: $? = 0
configure:15521: gcc -c -g -O2  conftest.c >&5
conftest.c:33:4: error: use of undeclared identifier 'not'
                 not big endian
                 ^
1 error generated.
configure:15521: $? = 1
configure: failed program was:
| /* confdefs.h */
| #define PACKAGE_NAME "fuse-utils"
| #define PACKAGE_TARNAME "fuse-utils"
| #define PACKAGE_VERSION "1.4.3"
| #define PACKAGE_STRING "fuse-utils 1.4.3"
| #define PACKAGE_BUGREPORT "http://sourceforge.net/p/fuse-emulator/bugs/"
| #define PACKAGE_URL "http://fuse-emulator.sourceforge.net/"
| #define PACKAGE "fuse-utils"
| #define VERSION "1.4.3"
| #define FUSE_UTILS_RC_VERSION 1,4,3,0
| #define STDC_HEADERS 1
| #define HAVE_SYS_TYPES_H 1
| #define HAVE_SYS_STAT_H 1
| #define HAVE_STDLIB_H 1
| #define HAVE_STRING_H 1
| #define HAVE_MEMORY_H 1
| #define HAVE_STRINGS_H 1
| #define HAVE_INTTYPES_H 1
| #define HAVE_STDINT_H 1
| #define HAVE_UNISTD_H 1
| #define HAVE_DLFCN_H 1
| #define LT_OBJDIR ".libs/"
| #define HAVE_FDOPEN 1
| #define HAVE_SIGNAL 1
| /* end confdefs.h.  */
| #include <sys/types.h>
| 		#include <sys/param.h>
| 
| int
| main ()
| {
| #if BYTE_ORDER != BIG_ENDIAN
| 		 not big endian
| 		#endif
| 
|   ;
|   return 0;
| }
configure:15649: result: no
configure:15670: checking for strings.h
configure:15670: result: yes
configure:15682: checking termios.h usability
configure:15682: gcc -c -g -O2  conftest.c >&5
configure:15682: $? = 0
configure:15682: result: yes
configure:15682: checking termios.h presence
configure:15682: gcc -E  conftest.c
configure:15682: $? = 0
configure:15682: result: yes
configure:15682: checking for termios.h
configure:15682: result: yes
configure:15693: checking whether to use zlib
configure:15703: result: yes
configure:15709: checking zlib.h usability
configure:15709: gcc -c -g -O2  conftest.c >&5
configure:15709: $? = 0
configure:15709: result: yes
configure:15709: checking zlib.h presence
configure:15709: gcc -E  conftest.c
configure:15709: $? = 0
configure:15709: result: yes
configure:15709: checking for zlib.h
configure:15709: result: yes
configure:15714: checking for library containing compress2
configure:15745: gcc -o conftest -g -O2   conftest.c  >&5
Undefined symbols for architecture x86_64:
  "_compress2", referenced from:
      _main in conftest-73871a.o
ld: symbol(s) not found for architecture x86_64
clang: error: linker command failed with exit code 1 (use -v to see invocation)
configure:15745: $? = 1
configure: failed program was:
| /* confdefs.h */
| #define PACKAGE_NAME "fuse-utils"
| #define PACKAGE_TARNAME "fuse-utils"
| #define PACKAGE_VERSION "1.4.3"
| #define PACKAGE_STRING "fuse-utils 1.4.3"
| #define PACKAGE_BUGREPORT "http://sourceforge.net/p/fuse-emulator/bugs/"
| #define PACKAGE_URL "http://fuse-emulator.sourceforge.net/"
| #define PACKAGE "fuse-utils"
| #define VERSION "1.4.3"
| #define FUSE_UTILS_RC_VERSION 1,4,3,0
| #define STDC_HEADERS 1
| #define HAVE_SYS_TYPES_H 1
| #define HAVE_SYS_STAT_H 1
| #define HAVE_STDLIB_H 1
| #define HAVE_STRING_H 1
| #define HAVE_MEMORY_H 1
| #define HAVE_STRINGS_H 1
| #define HAVE_INTTYPES_H 1
| #define HAVE_STDINT_H 1
| #define HAVE_UNISTD_H 1
| #define HAVE_DLFCN_H 1
| #define LT_OBJDIR ".libs/"
| #define HAVE_FDOPEN 1
| #define HAVE_SIGNAL 1
| #define HAVE_STRINGS_H 1
| #define HAVE_TERMIOS_H 1
| #define HAVE_ZLIB_H 1
| /* end confdefs.h.  */
| 
| /* Override any GCC internal prototype to avoid an error.
|    Use char because int might match the return type of a GCC
|    builtin and then its argument prototype would still apply.  */
| #ifdef __cplusplus
| extern "C"
| #endif
| char compress2 ();
| int
| main ()
| {
| return compress2 ();
|   ;
|   return 0;
| }
configure:15745: gcc -o conftest -g -O2   conftest.c -lz   >&5
configure:15745: $? = 0
configure:15762: result: -lz
configure:15793: checking whether to use libjpeg
configure:15804: result: yes
configure:15809: checking jpeglib.h usability
configure:15809: gcc -c -g -O2  conftest.c >&5
configure:15809: $? = 0
configure:15809: result: yes
configure:15809: checking jpeglib.h presence
configure:15809: gcc -E  conftest.c
configure:15809: $? = 0
configure:15809: result: yes
configure:15809: checking for jpeglib.h
configure:15809: result: yes
configure:15811: checking for jpeg_write_scanlines in -ljpeg
configure:15836: gcc -o conftest -g -O2   conftest.c -ljpeg  -lz  >&5
configure:15836: $? = 0
configure:15845: result: yes
configure:15876: checking whether to use libpng
configure:15887: result: yes
configure:15891: checking png.h usability
configure:15891: gcc -c -g -O2  conftest.c >&5
configure:15891: $? = 0
configure:15891: result: yes
configure:15891: checking png.h presence
configure:15891: gcc -E  conftest.c
configure:15891: $? = 0
configure:15891: result: yes
configure:15891: checking for png.h
configure:15891: result: yes
configure:15893: checking for png_write_png in -lpng
configure:15918: gcc -o conftest -g -O2   conftest.c -lpng  -lz  >&5
configure:15918: $? = 0
configure:15927: result: yes
configure:15958: checking whether to use libgcrypt
configure:15968: result: yes
configure:15973: checking gcrypt.h usability
configure:15973: gcc -c -g -O2  conftest.c >&5
configure:15973: $? = 0
configure:15973: result: yes
configure:15973: checking gcrypt.h presence
configure:15973: gcc -E  conftest.c
configure:15973: $? = 0
configure:15973: result: yes
configure:15973: checking for gcrypt.h
configure:15973: result: yes
configure:15995: checking whether lots of warnings requested
configure:16008: result: no
configure:16073: checking for pkg-config
configure:16091: found /usr/local/bin/pkg-config
configure:16103: result: /usr/local/bin/pkg-config
configure:16128: checking pkg-config is at least version 0.9.0
configure:16131: result: yes
configure:16141: checking for LIBSPECTRUM
configure:16148: $PKG_CONFIG --exists --print-errors "libspectrum >= 1.4.3"
configure:16151: $? = 0
configure:16165: $PKG_CONFIG --exists --print-errors "libspectrum >= 1.4.3"
configure:16168: $? = 0
configure:16226: result: yes
configure:16231: checking whether libspectrum has its own internal GLib replacement
configure:16244: gcc -E  -I/usr/local/Cellar/libspectrum/1.4.4_1/include conftest.c
conftest.c:35:2: error: "GLib replacement not found"
#error "GLib replacement not found"
 ^
1 error generated.
configure:16244: $? = 1
configure: failed program was:
| /* confdefs.h */
| #define PACKAGE_NAME "fuse-utils"
| #define PACKAGE_TARNAME "fuse-utils"
| #define PACKAGE_VERSION "1.4.3"
| #define PACKAGE_STRING "fuse-utils 1.4.3"
| #define PACKAGE_BUGREPORT "http://sourceforge.net/p/fuse-emulator/bugs/"
| #define PACKAGE_URL "http://fuse-emulator.sourceforge.net/"
| #define PACKAGE "fuse-utils"
| #define VERSION "1.4.3"
| #define FUSE_UTILS_RC_VERSION 1,4,3,0
| #define STDC_HEADERS 1
| #define HAVE_SYS_TYPES_H 1
| #define HAVE_SYS_STAT_H 1
| #define HAVE_STDLIB_H 1
| #define HAVE_STRING_H 1
| #define HAVE_MEMORY_H 1
| #define HAVE_STRINGS_H 1
| #define HAVE_INTTYPES_H 1
| #define HAVE_STDINT_H 1
| #define HAVE_UNISTD_H 1
| #define HAVE_DLFCN_H 1
| #define LT_OBJDIR ".libs/"
| #define HAVE_FDOPEN 1
| #define HAVE_SIGNAL 1
| #define HAVE_STRINGS_H 1
| #define HAVE_TERMIOS_H 1
| #define HAVE_ZLIB_H 1
| #define USE_LIBJPEG 1
| #define USE_LIBPNG 1
| #define HAVE_GCRYPT_H 1
| /* end confdefs.h.  */
| 
| #include <libspectrum.h>
| #if LIBSPECTRUM_HAS_GLIB_REPLACEMENT == 0
| #error "GLib replacement not found"
| #endif
| 
configure:16248: result: no
configure:16261: checking for GLIB
configure:16268: $PKG_CONFIG --exists --print-errors "glib-2.0 >= 2.0.0"
configure:16271: $? = 0
configure:16285: $PKG_CONFIG --exists --print-errors "glib-2.0 >= 2.0.0"
configure:16288: $? = 0
configure:16328: result: yes
configure:16339: checking whether to use audiofile
configure:16349: result: yes
configure:16354: checking for AUDIOFILE
configure:16361: $PKG_CONFIG --exists --print-errors "audiofile"
configure:16364: $? = 0
configure:16378: $PKG_CONFIG --exists --print-errors "audiofile"
configure:16381: $? = 0
configure:16421: result: yes
configure:16714: checking whether to use iconv
configure:16724: result: yes
configure:16729: checking locale.h usability
configure:16729: gcc -c -g -O2 -Wall  conftest.c >&5
configure:16729: $? = 0
configure:16729: result: yes
configure:16729: checking locale.h presence
configure:16729: gcc -E  conftest.c
configure:16729: $? = 0
configure:16729: result: yes
configure:16729: checking for locale.h
configure:16729: result: yes
configure:16741: checking for setlocale
configure:16741: gcc -o conftest -g -O2 -Wall   conftest.c -lz  -lgcrypt >&5
configure:16741: $? = 0
configure:16741: result: yes
configure:16790: checking for ld used by GCC
configure:16853: result: /Applications/Xcode.app/Contents/Developer/Toolchains/XcodeDefault.xctoolchain/usr/bin/ld
configure:16860: checking if the linker (/Applications/Xcode.app/Contents/Developer/Toolchains/XcodeDefault.xctoolchain/usr/bin/ld) is GNU ld
configure:16872: result: no
configure:16878: checking for shared library run path origin
configure:16891: result: done
configure:17321: checking for iconv
configure:17345: gcc -o conftest -g -O2 -Wall   conftest.c -lz  -lgcrypt >&5
Undefined symbols for architecture x86_64:
  "_iconv", referenced from:
      _main in conftest-28b4ac.o
  "_iconv_close", referenced from:
      _main in conftest-28b4ac.o
  "_iconv_open", referenced from:
      _main in conftest-28b4ac.o
ld: symbol(s) not found for architecture x86_64
clang: error: linker command failed with exit code 1 (use -v to see invocation)
configure:17345: $? = 1
configure: failed program was:
| /* confdefs.h */
| #define PACKAGE_NAME "fuse-utils"
| #define PACKAGE_TARNAME "fuse-utils"
| #define PACKAGE_VERSION "1.4.3"
| #define PACKAGE_STRING "fuse-utils 1.4.3"
| #define PACKAGE_BUGREPORT "http://sourceforge.net/p/fuse-emulator/bugs/"
| #define PACKAGE_URL "http://fuse-emulator.sourceforge.net/"
| #define PACKAGE "fuse-utils"
| #define VERSION "1.4.3"
| #define FUSE_UTILS_RC_VERSION 1,4,3,0
| #define STDC_HEADERS 1
| #define HAVE_SYS_TYPES_H 1
| #define HAVE_SYS_STAT_H 1
| #define HAVE_STDLIB_H 1
| #define HAVE_STRING_H 1
| #define HAVE_MEMORY_H 1
| #define HAVE_STRINGS_H 1
| #define HAVE_INTTYPES_H 1
| #define HAVE_STDINT_H 1
| #define HAVE_UNISTD_H 1
| #define HAVE_DLFCN_H 1
| #define LT_OBJDIR ".libs/"
| #define HAVE_FDOPEN 1
| #define HAVE_SIGNAL 1
| #define HAVE_STRINGS_H 1
| #define HAVE_TERMIOS_H 1
| #define HAVE_ZLIB_H 1
| #define USE_LIBJPEG 1
| #define USE_LIBPNG 1
| #define HAVE_GCRYPT_H 1
| #define HAVE_LIB_GLIB 1
| #define HAVE_LIB_AUDIOFILE 1
| #define HAVE_LOCALE_H 1
| #define HAVE_SETLOCALE 1
| /* end confdefs.h.  */
| 
| #include <stdlib.h>
| #include <iconv.h>
| 
| int
| main ()
| {
| iconv_t cd = iconv_open("","");
|            iconv(cd,NULL,NULL,NULL,NULL);
|            iconv_close(cd);
|   ;
|   return 0;
| }
configure:17369: gcc -o conftest -g -O2 -Wall   conftest.c -lz  -lgcrypt -liconv >&5
configure:17369: $? = 0
configure:17379: result: yes
configure:17382: checking for working iconv
configure:17502: gcc -o conftest -g -O2 -Wall   conftest.c -lz  -lgcrypt -liconv >&5
configure:17502: $? = 0
configure:17502: ./conftest
configure:17502: $? = 0
configure:17514: result: yes
configure:17529: checking how to link with libiconv
configure:17531: result: -liconv
configure:17542: checking for iconv declaration
configure:17571: gcc -c -g -O2 -Wall  conftest.c >&5
configure:17571: $? = 0
configure:17582: result:
         extern size_t iconv (iconv_t cd, char * *inbuf, size_t *inbytesleft, char * *outbuf, size_t *outbytesleft);
configure:17596: checking which compatibility routines to use
configure:17609: result: unix
configure:17770: checking that generated files are newer than configure
configure:17776: result: done
configure:17840: creating ./config.status

## ---------------------- ##
## Running config.status. ##
## ---------------------- ##

This file was extended by fuse-utils config.status 1.4.3, which was
generated by GNU Autoconf 2.69.  Invocation command line was

  CONFIG_FILES    = 
  CONFIG_HEADERS  = 
  CONFIG_LINKS    = 
  CONFIG_COMMANDS = 
  $ ./config.status 

on efelix-ml

config.status:1194: creating Makefile
config.status:1194: creating fuse-utils.qpg
config.status:1194: creating config.h
config.status:1423: executing depfiles commands
config.status:1423: executing libtool commands

## ---------------- ##
## Cache variables. ##
## ---------------- ##

ac_cv_build=x86_64-apple-darwin19.0.0
ac_cv_c_bigendian=no
ac_cv_c_compiler_gnu=yes
ac_cv_cxx_compiler_gnu=yes
ac_cv_env_AUDIOFILE_CFLAGS_set=
ac_cv_env_AUDIOFILE_CFLAGS_value=
ac_cv_env_AUDIOFILE_LIBS_set=
ac_cv_env_AUDIOFILE_LIBS_value=
ac_cv_env_CCC_set=
ac_cv_env_CCC_value=
ac_cv_env_CC_set=
ac_cv_env_CC_value=
ac_cv_env_CFLAGS_set=
ac_cv_env_CFLAGS_value=
ac_cv_env_CPPFLAGS_set=
ac_cv_env_CPPFLAGS_value=
ac_cv_env_CPP_set=
ac_cv_env_CPP_value=
ac_cv_env_CXXCPP_set=
ac_cv_env_CXXCPP_value=
ac_cv_env_CXXFLAGS_set=
ac_cv_env_CXXFLAGS_value=
ac_cv_env_CXX_set=
ac_cv_env_CXX_value=
ac_cv_env_GLIB_CFLAGS_set=
ac_cv_env_GLIB_CFLAGS_value=
ac_cv_env_GLIB_LIBS_set=
ac_cv_env_GLIB_LIBS_value=
ac_cv_env_LDFLAGS_set=
ac_cv_env_LDFLAGS_value=
ac_cv_env_LIBSPECTRUM_CFLAGS_set=
ac_cv_env_LIBSPECTRUM_CFLAGS_value=
ac_cv_env_LIBSPECTRUM_LIBS_set=
ac_cv_env_LIBSPECTRUM_LIBS_value=
ac_cv_env_LIBS_set=
ac_cv_env_LIBS_value=
ac_cv_env_PKG_CONFIG_LIBDIR_set=
ac_cv_env_PKG_CONFIG_LIBDIR_value=
ac_cv_env_PKG_CONFIG_PATH_set=
ac_cv_env_PKG_CONFIG_PATH_value=
ac_cv_env_PKG_CONFIG_set=
ac_cv_env_PKG_CONFIG_value=
ac_cv_env_build_alias_set=
ac_cv_env_build_alias_value=
ac_cv_env_host_alias_set=
ac_cv_env_host_alias_value=
ac_cv_env_target_alias_set=
ac_cv_env_target_alias_value=
ac_cv_func_fdopen=yes
ac_cv_func_setlocale=yes
ac_cv_func_signal=yes
ac_cv_header_dlfcn_h=yes
ac_cv_header_gcrypt_h=yes
ac_cv_header_inttypes_h=yes
ac_cv_header_jpeglib_h=yes
ac_cv_header_locale_h=yes
ac_cv_header_memory_h=yes
ac_cv_header_png_h=yes
ac_cv_header_stdc=yes
ac_cv_header_stdint_h=yes
ac_cv_header_stdlib_h=yes
ac_cv_header_string_h=yes
ac_cv_header_strings_h=yes
ac_cv_header_sys_stat_h=yes
ac_cv_header_sys_types_h=yes
ac_cv_header_termios_h=yes
ac_cv_header_unistd_h=yes
ac_cv_header_zlib_h=yes
ac_cv_host=x86_64-apple-darwin19.0.0
ac_cv_lib_jpeg_jpeg_write_scanlines=yes
ac_cv_lib_png_png_write_png=yes
ac_cv_objext=o
ac_cv_path_EGREP='/usr/bin/grep -E'
ac_cv_path_FGREP='/usr/bin/grep -F'
ac_cv_path_GREP=/usr/bin/grep
ac_cv_path_SED=/usr/bin/sed
ac_cv_path_ac_pt_PKG_CONFIG=/usr/local/bin/pkg-config
ac_cv_path_install='/usr/bin/install -c'
ac_cv_prog_AWK=awk
ac_cv_prog_CPP='gcc -E'
ac_cv_prog_CXXCPP='g++ -E'
ac_cv_prog_ac_ct_AR=ar
ac_cv_prog_ac_ct_CC=gcc
ac_cv_prog_ac_ct_CXX=g++
ac_cv_prog_ac_ct_DSYMUTIL=dsymutil
ac_cv_prog_ac_ct_LIPO=lipo
ac_cv_prog_ac_ct_NMEDIT=nmedit
ac_cv_prog_ac_ct_OBJDUMP=objdump
ac_cv_prog_ac_ct_OTOOL=otool
ac_cv_prog_ac_ct_RANLIB=ranlib
ac_cv_prog_ac_ct_STRIP=strip
ac_cv_prog_cc_c89=
ac_cv_prog_cc_g=yes
ac_cv_prog_cxx_g=yes
ac_cv_prog_make_make_set=yes
ac_cv_search_compress2=-lz
acl_cv_hardcode_direct=no
acl_cv_hardcode_libdir_flag_spec=
acl_cv_hardcode_libdir_separator=
acl_cv_hardcode_minus_L=no
acl_cv_libext=a
acl_cv_path_LD=/Applications/Xcode.app/Contents/Developer/Toolchains/XcodeDefault.xctoolchain/usr/bin/ld
acl_cv_prog_gnu_ld=no
acl_cv_rpath=done
acl_cv_shlibext=dylib
acl_cv_wl=-Wl,
am_cv_CC_dependencies_compiler_type=gcc3
am_cv_CXX_dependencies_compiler_type=gcc3
am_cv_func_iconv=yes
am_cv_func_iconv_works=yes
am_cv_lib_iconv=yes
am_cv_make_support_nested_variables=yes
am_cv_proto_iconv='extern size_t iconv (iconv_t cd, char * *inbuf, size_t *inbytesleft, char * *outbuf, size_t *outbytesleft);'
am_cv_proto_iconv_arg1=
lt_cv_apple_cc_single_mod=yes
lt_cv_ar_at_file=no
lt_cv_deplibs_check_method=pass_all
lt_cv_file_magic_cmd='$MAGIC_CMD'
lt_cv_file_magic_test_file=
lt_cv_ld_exported_symbols_list=yes
lt_cv_ld_force_load=yes
lt_cv_ld_reload_flag=-r
lt_cv_nm_interface='BSD nm'
lt_cv_objdir=.libs
lt_cv_path_LD=/Applications/Xcode.app/Contents/Developer/Toolchains/XcodeDefault.xctoolchain/usr/bin/ld
lt_cv_path_LDCXX=/Applications/Xcode.app/Contents/Developer/Toolchains/XcodeDefault.xctoolchain/usr/bin/ld
lt_cv_path_NM='/usr/bin/nm -B'
lt_cv_path_mainfest_tool=no
lt_cv_prog_compiler_c_o=yes
lt_cv_prog_compiler_c_o_CXX=yes
lt_cv_prog_compiler_pic='-fno-common -DPIC'
lt_cv_prog_compiler_pic_CXX='-fno-common -DPIC'
lt_cv_prog_compiler_pic_works=yes
lt_cv_prog_compiler_pic_works_CXX=yes
lt_cv_prog_compiler_rtti_exceptions=yes
lt_cv_prog_compiler_static_works=no
lt_cv_prog_compiler_static_works_CXX=no
lt_cv_prog_gnu_ld=no
lt_cv_prog_gnu_ldcxx=no
lt_cv_sharedlib_from_linklib_cmd='printf %s\n'
lt_cv_sys_global_symbol_pipe='sed -n -e '\''s/^.*[	 ]\([BCDEGRST][BCDEGRST]*\)[	 ][	 ]*_\([_A-Za-z][_A-Za-z0-9]*\)$/\1 _\2 \2/p'\'' | sed '\''/ __gnu_lto/d'\'''
lt_cv_sys_global_symbol_to_c_name_address='sed -n -e '\''s/^: \([^ ]*\)[ ]*$/  {\"\1\", (void *) 0},/p'\'' -e '\''s/^[BCDEGRST]* \([^ ]*\) \([^ ]*\)$/  {"\2", (void *) \&\2},/p'\'''
lt_cv_sys_global_symbol_to_c_name_address_lib_prefix='sed -n -e '\''s/^: \([^ ]*\)[ ]*$/  {\"\1\", (void *) 0},/p'\'' -e '\''s/^[BCDEGRST]* \([^ ]*\) \(lib[^ ]*\)$/  {"\2", (void *) \&\2},/p'\'' -e '\''s/^[BCDEGRST]* \([^ ]*\) \([^ ]*\)$/  {"lib\2", (void *) \&\2},/p'\'''
lt_cv_sys_global_symbol_to_cdecl='sed -n -e '\''s/^T .* \(.*\)$/extern int \1();/p'\'' -e '\''s/^[BCDEGRST]* .* \(.*\)$/extern char \1;/p'\'''
lt_cv_sys_max_cmd_len=196608
lt_cv_to_host_file_cmd=func_convert_file_noop
lt_cv_to_tool_file_cmd=func_convert_file_noop
pkg_cv_AUDIOFILE_CFLAGS=-I/usr/local/Cellar/audiofile/0.3.6_1/include
pkg_cv_AUDIOFILE_LIBS='-L/usr/local/Cellar/audiofile/0.3.6_1/lib -laudiofile'
pkg_cv_GLIB_CFLAGS='-I/usr/local/Cellar/glib/2.62.4/include/glib-2.0 -I/usr/local/Cellar/glib/2.62.4/lib/glib-2.0/include -I/usr/local/opt/gettext/include -I/usr/local/Cellar/pcre/8.43/include'
pkg_cv_GLIB_LIBS='-L/usr/local/Cellar/glib/2.62.4/lib -L/usr/local/opt/gettext/lib -lglib-2.0 -lintl'
pkg_cv_LIBSPECTRUM_CFLAGS=-I/usr/local/Cellar/libspectrum/1.4.4_1/include
pkg_cv_LIBSPECTRUM_LIBS='-L/usr/local/Cellar/libspectrum/1.4.4_1/lib -lspectrum'

## ----------------- ##
## Output variables. ##
## ----------------- ##

ACLOCAL='${SHELL} /Users/efelix/Downloads/fuse-utils-1.4.3/missing aclocal-1.13'
AMDEPBACKSLASH='\'
AMDEP_FALSE='#'
AMDEP_TRUE=''
AMTAR='$${TAR-tar}'
AM_BACKSLASH='\'
AM_DEFAULT_V='$(AM_DEFAULT_VERBOSITY)'
AM_DEFAULT_VERBOSITY='0'
AM_V='$(V)'
AR='ar'
AUDIOFILE_CFLAGS='-I/usr/local/Cellar/audiofile/0.3.6_1/include'
AUDIOFILE_CONFIG=''
AUDIOFILE_LIBS='-L/usr/local/Cellar/audiofile/0.3.6_1/lib -laudiofile'
AUTOCONF='${SHELL} /Users/efelix/Downloads/fuse-utils-1.4.3/missing autoconf'
AUTOHEADER='${SHELL} /Users/efelix/Downloads/fuse-utils-1.4.3/missing autoheader'
AUTOMAKE='${SHELL} /Users/efelix/Downloads/fuse-utils-1.4.3/missing automake-1.13'
AWK='awk'
BUILD_AUDIOTOOLS_FALSE='#'
BUILD_AUDIOTOOLS_TRUE=''
BUILD_RZXCHECK_FALSE='#'
BUILD_RZXCHECK_TRUE=''
CC='gcc'
CCDEPMODE='depmode=gcc3'
CFLAGS='-g -O2 -Wall'
COMPAT_AMIGA_FALSE=''
COMPAT_AMIGA_TRUE='#'
COMPAT_GETOPT_FALSE=''
COMPAT_GETOPT_TRUE='#'
COMPAT_UNIX_FALSE='#'
COMPAT_UNIX_TRUE=''
COMPAT_WIN32_FALSE=''
COMPAT_WIN32_TRUE='#'
CPP='gcc -E'
CPPFLAGS=''
CXX='g++'
CXXCPP='g++ -E'
CXXDEPMODE='depmode=gcc3'
CXXFLAGS='-g -O2 -Wall'
CYGPATH_W='echo'
DEFS='-DHAVE_CONFIG_H'
DEPDIR='.deps'
DLLTOOL='false'
DSYMUTIL='dsymutil'
DUMPBIN=''
ECHO_C='\c'
ECHO_N=''
ECHO_T=''
EGREP='/usr/bin/grep -E'
EXEEXT=''
FGREP='/usr/bin/grep -F'
GLIB_CFLAGS='-I/usr/local/Cellar/glib/2.62.4/include/glib-2.0 -I/usr/local/Cellar/glib/2.62.4/lib/glib-2.0/include -I/usr/local/opt/gettext/include -I/usr/local/Cellar/pcre/8.43/include'
GLIB_LIBS='-L/usr/local/Cellar/glib/2.62.4/lib -L/usr/local/opt/gettext/lib -lglib-2.0 -lintl'
GREP='/usr/bin/grep'
GROFF=''
HAVE_LIBJPEG_FALSE='#'
HAVE_LIBJPEG_TRUE=''
HAVE_LIBPNG_FALSE='#'
HAVE_LIBPNG_TRUE=''
HAVE_WINDRES_FALSE=''
HAVE_WINDRES_TRUE='#'
INSTALL_DATA='${INSTALL} -m 644'
INSTALL_PROGRAM='${INSTALL}'
INSTALL_SCRIPT='${INSTALL}'
INSTALL_STRIP_PROGRAM='$(install_sh) -c -s'
JPEG_LIBS='-ljpeg'
LD='/Applications/Xcode.app/Contents/Developer/Toolchains/XcodeDefault.xctoolchain/usr/bin/ld'
LDFLAGS=''
LIBICONV='-liconv'
LIBOBJS=''
LIBS='-lz  -lgcrypt'
LIBSPECTRUM_CFLAGS='-I/usr/local/Cellar/libspectrum/1.4.4_1/include'
LIBSPECTRUM_LIBS='-L/usr/local/Cellar/libspectrum/1.4.4_1/lib -lspectrum -L/usr/local/Cellar/glib/2.62.4/lib -L/usr/local/opt/gettext/lib -lglib-2.0 -lintl'
LIBTOOL='$(SHELL) $(top_builddir)/libtool'
LIPO='lipo'
LN_S='ln -s'
LTLIBICONV='-liconv'
LTLIBOBJS=''
MAKEINFO='${SHELL} /Users/efelix/Downloads/fuse-utils-1.4.3/missing makeinfo'
MAN2HTML=''
MANIFEST_TOOL=':'
MKDIR_P='./install-sh -c -d'
NM='/usr/bin/nm -B'
NMEDIT='nmedit'
OBJDUMP='objdump'
OBJEXT='o'
OTOOL64=':'
OTOOL='otool'
PACKAGE='fuse-utils'
PACKAGE_BUGREPORT='http://sourceforge.net/p/fuse-emulator/bugs/'
PACKAGE_NAME='fuse-utils'
PACKAGE_STRING='fuse-utils 1.4.3'
PACKAGE_TARNAME='fuse-utils'
PACKAGE_URL='http://fuse-emulator.sourceforge.net/'
PACKAGE_VERSION='1.4.3'
PATH_SEPARATOR=':'
PKG_CONFIG='/usr/local/bin/pkg-config'
PKG_CONFIG_LIBDIR=''
PKG_CONFIG_PATH=''
PNG_LIBS='-lpng'
RANLIB='ranlib'
SED='/usr/bin/sed'
SET_MAKE=''
SHELL='/bin/sh'
STRIP='strip'
UNIX2DOS=''
VERSION='1.4.3'
WINDRES=''
ac_ct_AR='ar'
ac_ct_CC='gcc'
ac_ct_CXX='g++'
ac_ct_DUMPBIN=''
am__EXEEXT_FALSE=''
am__EXEEXT_TRUE='#'
am__fastdepCC_FALSE='#'
am__fastdepCC_TRUE=''
am__fastdepCXX_FALSE='#'
am__fastdepCXX_TRUE=''
am__include='include'
am__isrc=''
am__leading_dot='.'
am__nodep='_no'
am__quote=''
am__tar='$${TAR-tar} chof - "$$tardir"'
am__untar='$${TAR-tar} xf -'
bindir='${exec_prefix}/bin'
build='x86_64-apple-darwin19.0.0'
build_alias=''
build_cpu='x86_64'
build_os='darwin19.0.0'
build_vendor='apple'
datadir='${datarootdir}'
datarootdir='${prefix}/share'
docdir='${datarootdir}/doc/${PACKAGE_TARNAME}'
dvidir='${docdir}'
exec_prefix='${prefix}'
host='x86_64-apple-darwin19.0.0'
host_alias=''
host_cpu='x86_64'
host_os='darwin19.0.0'
host_vendor='apple'
htmldir='${docdir}'
includedir='${prefix}/include'
infodir='${datarootdir}/info'
install_sh='${SHELL} /Users/efelix/Downloads/fuse-utils-1.4.3/install-sh'
libdir='${exec_prefix}/lib'
libexecdir='${exec_prefix}/libexec'
localedir='${datarootdir}/locale'
localstatedir='${prefix}/var'
mandir='${datarootdir}/man'
mkdir_p='$(MKDIR_P)'
oldincludedir='/usr/include'
pdfdir='${docdir}'
prefix='/usr/local'
program_transform_name='s,x,x,'
psdir='${docdir}'
sbindir='${exec_prefix}/sbin'
sharedstatedir='${prefix}/com'
sysconfdir='${prefix}/etc'
target_alias=''

## ----------- ##
## confdefs.h. ##
## ----------- ##

/* confdefs.h */
#define PACKAGE_NAME "fuse-utils"
#define PACKAGE_TARNAME "fuse-utils"
#define PACKAGE_VERSION "1.4.3"
#define PACKAGE_STRING "fuse-utils 1.4.3"
#define PACKAGE_BUGREPORT "http://sourceforge.net/p/fuse-emulator/bugs/"
#define PACKAGE_URL "http://fuse-emulator.sourceforge.net/"
#define PACKAGE "fuse-utils"
#define VERSION "1.4.3"
#define FUSE_UTILS_RC_VERSION 1,4,3,0
#define STDC_HEADERS 1
#define HAVE_SYS_TYPES_H 1
#define HAVE_SYS_STAT_H 1
#define HAVE_STDLIB_H 1
#define HAVE_STRING_H 1
#define HAVE_MEMORY_H 1
#define HAVE_STRINGS_H 1
#define HAVE_INTTYPES_H 1
#define HAVE_STDINT_H 1
#define HAVE_UNISTD_H 1
#define HAVE_DLFCN_H 1
#define LT_OBJDIR ".libs/"
#define HAVE_FDOPEN 1
#define HAVE_SIGNAL 1
#define HAVE_STRINGS_H 1
#define HAVE_TERMIOS_H 1
#define HAVE_ZLIB_H 1
#define USE_LIBJPEG 1
#define USE_LIBPNG 1
#define HAVE_GCRYPT_H 1
#define HAVE_LIB_GLIB 1
#define HAVE_LIB_AUDIOFILE 1
#define HAVE_LOCALE_H 1
#define HAVE_SETLOCALE 1
#define HAVE_ICONV 1
#define ICONV_CONST 

configure: exit 0
